ARM GAS  /tmp/ccaxjtp5.s 			page 1


   1              		.cpu cortex-m4
   2              		.arch armv7e-m
   3              		.fpu fpv4-sp-d16
   4              		.eabi_attribute 27, 1
   5              		.eabi_attribute 28, 1
   6              		.eabi_attribute 20, 1
   7              		.eabi_attribute 21, 1
   8              		.eabi_attribute 23, 3
   9              		.eabi_attribute 24, 1
  10              		.eabi_attribute 25, 1
  11              		.eabi_attribute 26, 1
  12              		.eabi_attribute 30, 2
  13              		.eabi_attribute 34, 1
  14              		.eabi_attribute 18, 4
  15              		.file	"usbd_desc.c"
  16              		.text
  17              	.Ltext0:
  18              		.cfi_sections	.debug_frame
  19              		.file 1 "USB_DEVICE/App/usbd_desc.c"
  20              		.section	.text.USBD_FS_DeviceDescriptor,"ax",%progbits
  21              		.align	1
  22              		.p2align 2,,3
  23              		.global	USBD_FS_DeviceDescriptor
  24              		.syntax unified
  25              		.thumb
  26              		.thumb_func
  28              	USBD_FS_DeviceDescriptor:
  29              	.LVL0:
  30              	.LFB138:
   1:USB_DEVICE/App/usbd_desc.c **** /* USER CODE BEGIN Header */
   2:USB_DEVICE/App/usbd_desc.c **** /**
   3:USB_DEVICE/App/usbd_desc.c ****   ******************************************************************************
   4:USB_DEVICE/App/usbd_desc.c ****   * @file           : App/usbd_desc.c
   5:USB_DEVICE/App/usbd_desc.c ****   * @version        : v1.0_Cube
   6:USB_DEVICE/App/usbd_desc.c ****   * @brief          : This file implements the USB device descriptors.
   7:USB_DEVICE/App/usbd_desc.c ****   ******************************************************************************
   8:USB_DEVICE/App/usbd_desc.c ****   * @attention
   9:USB_DEVICE/App/usbd_desc.c ****   *
  10:USB_DEVICE/App/usbd_desc.c ****   * Copyright (c) 2023 STMicroelectronics.
  11:USB_DEVICE/App/usbd_desc.c ****   * All rights reserved.
  12:USB_DEVICE/App/usbd_desc.c ****   *
  13:USB_DEVICE/App/usbd_desc.c ****   * This software is licensed under terms that can be found in the LICENSE file
  14:USB_DEVICE/App/usbd_desc.c ****   * in the root directory of this software component.
  15:USB_DEVICE/App/usbd_desc.c ****   * If no LICENSE file comes with this software, it is provided AS-IS.
  16:USB_DEVICE/App/usbd_desc.c ****   *
  17:USB_DEVICE/App/usbd_desc.c ****   ******************************************************************************
  18:USB_DEVICE/App/usbd_desc.c ****   */
  19:USB_DEVICE/App/usbd_desc.c **** /* USER CODE END Header */
  20:USB_DEVICE/App/usbd_desc.c **** 
  21:USB_DEVICE/App/usbd_desc.c **** /* Includes ------------------------------------------------------------------*/
  22:USB_DEVICE/App/usbd_desc.c **** #include "usbd_core.h"
  23:USB_DEVICE/App/usbd_desc.c **** #include "usbd_desc.h"
  24:USB_DEVICE/App/usbd_desc.c **** #include "usbd_conf.h"
  25:USB_DEVICE/App/usbd_desc.c **** 
  26:USB_DEVICE/App/usbd_desc.c **** #define USBD_VID 0x546F 
  27:USB_DEVICE/App/usbd_desc.c **** #define USBD_PID_FS 0x686F
  28:USB_DEVICE/App/usbd_desc.c **** #define USBD_LANGID_STRING     1033
ARM GAS  /tmp/ccaxjtp5.s 			page 2


  29:USB_DEVICE/App/usbd_desc.c **** #define USBD_MANUFACTURER_STRING     "goycoitosgrupales.com"
  30:USB_DEVICE/App/usbd_desc.c **** #define USBD_PRODUCT_STRING_FS       "Skrafty piano"
  31:USB_DEVICE/App/usbd_desc.c **** #define USBD_CONFIGURATION_STRING_FS "pongan touhou"
  32:USB_DEVICE/App/usbd_desc.c **** #define USBD_INTERFACE_STRING_FS     "esa perra mamada que"
  33:USB_DEVICE/App/usbd_desc.c **** 
  34:USB_DEVICE/App/usbd_desc.c **** #define USB_SIZ_BOS_DESC            0x0C
  35:USB_DEVICE/App/usbd_desc.c **** 
  36:USB_DEVICE/App/usbd_desc.c **** /* USER CODE BEGIN PRIVATE_DEFINES */
  37:USB_DEVICE/App/usbd_desc.c **** 
  38:USB_DEVICE/App/usbd_desc.c **** /* USER CODE END PRIVATE_DEFINES */
  39:USB_DEVICE/App/usbd_desc.c **** 
  40:USB_DEVICE/App/usbd_desc.c **** /**
  41:USB_DEVICE/App/usbd_desc.c ****   * @}
  42:USB_DEVICE/App/usbd_desc.c ****   */
  43:USB_DEVICE/App/usbd_desc.c **** 
  44:USB_DEVICE/App/usbd_desc.c **** /* USER CODE BEGIN 0 */
  45:USB_DEVICE/App/usbd_desc.c **** 
  46:USB_DEVICE/App/usbd_desc.c **** /* USER CODE END 0 */
  47:USB_DEVICE/App/usbd_desc.c **** 
  48:USB_DEVICE/App/usbd_desc.c **** /** @defgroup USBD_DESC_Private_Macros USBD_DESC_Private_Macros
  49:USB_DEVICE/App/usbd_desc.c ****   * @brief Private macros.
  50:USB_DEVICE/App/usbd_desc.c ****   * @{
  51:USB_DEVICE/App/usbd_desc.c ****   */
  52:USB_DEVICE/App/usbd_desc.c **** 
  53:USB_DEVICE/App/usbd_desc.c **** /* USER CODE BEGIN PRIVATE_MACRO */
  54:USB_DEVICE/App/usbd_desc.c **** 
  55:USB_DEVICE/App/usbd_desc.c **** /* USER CODE END PRIVATE_MACRO */
  56:USB_DEVICE/App/usbd_desc.c **** 
  57:USB_DEVICE/App/usbd_desc.c **** /**
  58:USB_DEVICE/App/usbd_desc.c ****   * @}
  59:USB_DEVICE/App/usbd_desc.c ****   */
  60:USB_DEVICE/App/usbd_desc.c **** 
  61:USB_DEVICE/App/usbd_desc.c **** /** @defgroup USBD_DESC_Private_FunctionPrototypes USBD_DESC_Private_FunctionPrototypes
  62:USB_DEVICE/App/usbd_desc.c ****   * @brief Private functions declaration.
  63:USB_DEVICE/App/usbd_desc.c ****   * @{
  64:USB_DEVICE/App/usbd_desc.c ****   */
  65:USB_DEVICE/App/usbd_desc.c **** 
  66:USB_DEVICE/App/usbd_desc.c **** static void Get_SerialNum(void);
  67:USB_DEVICE/App/usbd_desc.c **** static void IntToUnicode(uint32_t value, uint8_t * pbuf, uint8_t len);
  68:USB_DEVICE/App/usbd_desc.c **** 
  69:USB_DEVICE/App/usbd_desc.c **** /**
  70:USB_DEVICE/App/usbd_desc.c ****   * @}
  71:USB_DEVICE/App/usbd_desc.c ****   */
  72:USB_DEVICE/App/usbd_desc.c **** 
  73:USB_DEVICE/App/usbd_desc.c **** /** @defgroup USBD_DESC_Private_FunctionPrototypes USBD_DESC_Private_FunctionPrototypes
  74:USB_DEVICE/App/usbd_desc.c ****   * @brief Private functions declaration for FS.
  75:USB_DEVICE/App/usbd_desc.c ****   * @{
  76:USB_DEVICE/App/usbd_desc.c ****   */
  77:USB_DEVICE/App/usbd_desc.c **** 
  78:USB_DEVICE/App/usbd_desc.c **** uint8_t * USBD_FS_DeviceDescriptor(USBD_SpeedTypeDef speed, uint16_t *length);
  79:USB_DEVICE/App/usbd_desc.c **** uint8_t * USBD_FS_LangIDStrDescriptor(USBD_SpeedTypeDef speed, uint16_t *length);
  80:USB_DEVICE/App/usbd_desc.c **** uint8_t * USBD_FS_ManufacturerStrDescriptor(USBD_SpeedTypeDef speed, uint16_t *length);
  81:USB_DEVICE/App/usbd_desc.c **** uint8_t * USBD_FS_ProductStrDescriptor(USBD_SpeedTypeDef speed, uint16_t *length);
  82:USB_DEVICE/App/usbd_desc.c **** uint8_t * USBD_FS_SerialStrDescriptor(USBD_SpeedTypeDef speed, uint16_t *length);
  83:USB_DEVICE/App/usbd_desc.c **** uint8_t * USBD_FS_ConfigStrDescriptor(USBD_SpeedTypeDef speed, uint16_t *length);
  84:USB_DEVICE/App/usbd_desc.c **** uint8_t * USBD_FS_InterfaceStrDescriptor(USBD_SpeedTypeDef speed, uint16_t *length);
  85:USB_DEVICE/App/usbd_desc.c **** #if (USBD_LPM_ENABLED == 1)
ARM GAS  /tmp/ccaxjtp5.s 			page 3


  86:USB_DEVICE/App/usbd_desc.c **** uint8_t * USBD_FS_USR_BOSDescriptor(USBD_SpeedTypeDef speed, uint16_t *length);
  87:USB_DEVICE/App/usbd_desc.c **** #endif /* (USBD_LPM_ENABLED == 1) */
  88:USB_DEVICE/App/usbd_desc.c **** 
  89:USB_DEVICE/App/usbd_desc.c **** /**
  90:USB_DEVICE/App/usbd_desc.c ****   * @}
  91:USB_DEVICE/App/usbd_desc.c ****   */
  92:USB_DEVICE/App/usbd_desc.c **** 
  93:USB_DEVICE/App/usbd_desc.c **** /** @defgroup USBD_DESC_Private_Variables USBD_DESC_Private_Variables
  94:USB_DEVICE/App/usbd_desc.c ****   * @brief Private variables.
  95:USB_DEVICE/App/usbd_desc.c ****   * @{
  96:USB_DEVICE/App/usbd_desc.c ****   */
  97:USB_DEVICE/App/usbd_desc.c **** 
  98:USB_DEVICE/App/usbd_desc.c **** USBD_DescriptorsTypeDef FS_Desc =
  99:USB_DEVICE/App/usbd_desc.c **** {
 100:USB_DEVICE/App/usbd_desc.c ****   USBD_FS_DeviceDescriptor
 101:USB_DEVICE/App/usbd_desc.c **** , USBD_FS_LangIDStrDescriptor
 102:USB_DEVICE/App/usbd_desc.c **** , USBD_FS_ManufacturerStrDescriptor
 103:USB_DEVICE/App/usbd_desc.c **** , USBD_FS_ProductStrDescriptor
 104:USB_DEVICE/App/usbd_desc.c **** , USBD_FS_SerialStrDescriptor
 105:USB_DEVICE/App/usbd_desc.c **** , USBD_FS_ConfigStrDescriptor
 106:USB_DEVICE/App/usbd_desc.c **** , USBD_FS_InterfaceStrDescriptor
 107:USB_DEVICE/App/usbd_desc.c **** #if (USBD_LPM_ENABLED == 1)
 108:USB_DEVICE/App/usbd_desc.c **** , USBD_FS_USR_BOSDescriptor
 109:USB_DEVICE/App/usbd_desc.c **** #endif /* (USBD_LPM_ENABLED == 1) */
 110:USB_DEVICE/App/usbd_desc.c **** };
 111:USB_DEVICE/App/usbd_desc.c **** 
 112:USB_DEVICE/App/usbd_desc.c **** #if defined ( __ICCARM__ ) /* IAR Compiler */
 113:USB_DEVICE/App/usbd_desc.c ****   #pragma data_alignment=4
 114:USB_DEVICE/App/usbd_desc.c **** #endif /* defined ( __ICCARM__ ) */
 115:USB_DEVICE/App/usbd_desc.c **** /** USB standard device descriptor. */
 116:USB_DEVICE/App/usbd_desc.c **** __ALIGN_BEGIN uint8_t USBD_FS_DeviceDesc[USB_LEN_DEV_DESC] __ALIGN_END =
 117:USB_DEVICE/App/usbd_desc.c **** {
 118:USB_DEVICE/App/usbd_desc.c ****   0x12,                       /*bLength */
 119:USB_DEVICE/App/usbd_desc.c ****   USB_DESC_TYPE_DEVICE,       /*bDescriptorType*/
 120:USB_DEVICE/App/usbd_desc.c **** #if (USBD_LPM_ENABLED == 1)
 121:USB_DEVICE/App/usbd_desc.c ****   0x01,                       /*bcdUSB */ /* changed to USB version 2.01
 122:USB_DEVICE/App/usbd_desc.c ****                                              in order to support LPM L1 suspend
 123:USB_DEVICE/App/usbd_desc.c ****                                              resume test of USBCV3.0*/
 124:USB_DEVICE/App/usbd_desc.c **** #else
 125:USB_DEVICE/App/usbd_desc.c ****   0x00,                       /*bcdUSB */
 126:USB_DEVICE/App/usbd_desc.c **** #endif /* (USBD_LPM_ENABLED == 1) */
 127:USB_DEVICE/App/usbd_desc.c ****   0x02,
 128:USB_DEVICE/App/usbd_desc.c ****   0x00,                       /*bDeviceClass*/
 129:USB_DEVICE/App/usbd_desc.c ****   0x00,                       /*bDeviceSubClass*/
 130:USB_DEVICE/App/usbd_desc.c ****   0x00,                       /*bDeviceProtocol*/
 131:USB_DEVICE/App/usbd_desc.c ****   USB_MAX_EP0_SIZE,           /*bMaxPacketSize*/
 132:USB_DEVICE/App/usbd_desc.c ****   LOBYTE(USBD_VID),           /*idVendor*/
 133:USB_DEVICE/App/usbd_desc.c ****   HIBYTE(USBD_VID),           /*idVendor*/
 134:USB_DEVICE/App/usbd_desc.c ****   LOBYTE(USBD_PID_FS),        /*idProduct*/
 135:USB_DEVICE/App/usbd_desc.c ****   HIBYTE(USBD_PID_FS),        /*idProduct*/
 136:USB_DEVICE/App/usbd_desc.c ****   0x00,                       /*bcdDevice rel. 2.00*/
 137:USB_DEVICE/App/usbd_desc.c ****   0x02,
 138:USB_DEVICE/App/usbd_desc.c ****   USBD_IDX_MFC_STR,           /*Index of manufacturer  string*/
 139:USB_DEVICE/App/usbd_desc.c ****   USBD_IDX_PRODUCT_STR,       /*Index of product string*/
 140:USB_DEVICE/App/usbd_desc.c ****   USBD_IDX_SERIAL_STR,        /*Index of serial number string*/
 141:USB_DEVICE/App/usbd_desc.c ****   USBD_MAX_NUM_CONFIGURATION  /*bNumConfigurations*/
 142:USB_DEVICE/App/usbd_desc.c **** };
ARM GAS  /tmp/ccaxjtp5.s 			page 4


 143:USB_DEVICE/App/usbd_desc.c **** 
 144:USB_DEVICE/App/usbd_desc.c **** /* USB_DeviceDescriptor */
 145:USB_DEVICE/App/usbd_desc.c **** /** BOS descriptor. */
 146:USB_DEVICE/App/usbd_desc.c **** #if (USBD_LPM_ENABLED == 1)
 147:USB_DEVICE/App/usbd_desc.c **** #if defined ( __ICCARM__ ) /* IAR Compiler */
 148:USB_DEVICE/App/usbd_desc.c ****   #pragma data_alignment=4
 149:USB_DEVICE/App/usbd_desc.c **** #endif /* defined ( __ICCARM__ ) */
 150:USB_DEVICE/App/usbd_desc.c **** __ALIGN_BEGIN uint8_t USBD_FS_BOSDesc[USB_SIZ_BOS_DESC] __ALIGN_END =
 151:USB_DEVICE/App/usbd_desc.c **** {
 152:USB_DEVICE/App/usbd_desc.c ****   0x5,
 153:USB_DEVICE/App/usbd_desc.c ****   USB_DESC_TYPE_BOS,
 154:USB_DEVICE/App/usbd_desc.c ****   0xC,
 155:USB_DEVICE/App/usbd_desc.c ****   0x0,
 156:USB_DEVICE/App/usbd_desc.c ****   0x1,  /* 1 device capability*/
 157:USB_DEVICE/App/usbd_desc.c ****         /* device capability*/
 158:USB_DEVICE/App/usbd_desc.c ****   0x7,
 159:USB_DEVICE/App/usbd_desc.c ****   USB_DEVICE_CAPABITY_TYPE,
 160:USB_DEVICE/App/usbd_desc.c ****   0x2,
 161:USB_DEVICE/App/usbd_desc.c ****   0x2,  /* LPM capability bit set*/
 162:USB_DEVICE/App/usbd_desc.c ****   0x0,
 163:USB_DEVICE/App/usbd_desc.c ****   0x0,
 164:USB_DEVICE/App/usbd_desc.c ****   0x0
 165:USB_DEVICE/App/usbd_desc.c **** };
 166:USB_DEVICE/App/usbd_desc.c **** #endif /* (USBD_LPM_ENABLED == 1) */
 167:USB_DEVICE/App/usbd_desc.c **** 
 168:USB_DEVICE/App/usbd_desc.c **** /**
 169:USB_DEVICE/App/usbd_desc.c ****   * @}
 170:USB_DEVICE/App/usbd_desc.c ****   */
 171:USB_DEVICE/App/usbd_desc.c **** 
 172:USB_DEVICE/App/usbd_desc.c **** /** @defgroup USBD_DESC_Private_Variables USBD_DESC_Private_Variables
 173:USB_DEVICE/App/usbd_desc.c ****   * @brief Private variables.
 174:USB_DEVICE/App/usbd_desc.c ****   * @{
 175:USB_DEVICE/App/usbd_desc.c ****   */
 176:USB_DEVICE/App/usbd_desc.c **** 
 177:USB_DEVICE/App/usbd_desc.c **** #if defined ( __ICCARM__ ) /* IAR Compiler */
 178:USB_DEVICE/App/usbd_desc.c ****   #pragma data_alignment=4
 179:USB_DEVICE/App/usbd_desc.c **** #endif /* defined ( __ICCARM__ ) */
 180:USB_DEVICE/App/usbd_desc.c **** 
 181:USB_DEVICE/App/usbd_desc.c **** /** USB lang identifier descriptor. */
 182:USB_DEVICE/App/usbd_desc.c **** __ALIGN_BEGIN uint8_t USBD_LangIDDesc[USB_LEN_LANGID_STR_DESC] __ALIGN_END =
 183:USB_DEVICE/App/usbd_desc.c **** {
 184:USB_DEVICE/App/usbd_desc.c ****      USB_LEN_LANGID_STR_DESC,
 185:USB_DEVICE/App/usbd_desc.c ****      USB_DESC_TYPE_STRING,
 186:USB_DEVICE/App/usbd_desc.c ****      LOBYTE(USBD_LANGID_STRING),
 187:USB_DEVICE/App/usbd_desc.c ****      HIBYTE(USBD_LANGID_STRING)
 188:USB_DEVICE/App/usbd_desc.c **** };
 189:USB_DEVICE/App/usbd_desc.c **** 
 190:USB_DEVICE/App/usbd_desc.c **** #if defined ( __ICCARM__ ) /* IAR Compiler */
 191:USB_DEVICE/App/usbd_desc.c ****   #pragma data_alignment=4
 192:USB_DEVICE/App/usbd_desc.c **** #endif /* defined ( __ICCARM__ ) */
 193:USB_DEVICE/App/usbd_desc.c **** /* Internal string descriptor. */
 194:USB_DEVICE/App/usbd_desc.c **** __ALIGN_BEGIN uint8_t USBD_StrDesc[USBD_MAX_STR_DESC_SIZ] __ALIGN_END;
 195:USB_DEVICE/App/usbd_desc.c **** 
 196:USB_DEVICE/App/usbd_desc.c **** #if defined ( __ICCARM__ ) /*!< IAR Compiler */
 197:USB_DEVICE/App/usbd_desc.c ****   #pragma data_alignment=4
 198:USB_DEVICE/App/usbd_desc.c **** #endif
 199:USB_DEVICE/App/usbd_desc.c **** __ALIGN_BEGIN uint8_t USBD_StringSerial[USB_SIZ_STRING_SERIAL] __ALIGN_END = {
ARM GAS  /tmp/ccaxjtp5.s 			page 5


 200:USB_DEVICE/App/usbd_desc.c ****   USB_SIZ_STRING_SERIAL,
 201:USB_DEVICE/App/usbd_desc.c ****   USB_DESC_TYPE_STRING,
 202:USB_DEVICE/App/usbd_desc.c **** };
 203:USB_DEVICE/App/usbd_desc.c **** 
 204:USB_DEVICE/App/usbd_desc.c **** /**
 205:USB_DEVICE/App/usbd_desc.c ****   * @}
 206:USB_DEVICE/App/usbd_desc.c ****   */
 207:USB_DEVICE/App/usbd_desc.c **** 
 208:USB_DEVICE/App/usbd_desc.c **** /** @defgroup USBD_DESC_Private_Functions USBD_DESC_Private_Functions
 209:USB_DEVICE/App/usbd_desc.c ****   * @brief Private functions.
 210:USB_DEVICE/App/usbd_desc.c ****   * @{
 211:USB_DEVICE/App/usbd_desc.c ****   */
 212:USB_DEVICE/App/usbd_desc.c **** 
 213:USB_DEVICE/App/usbd_desc.c **** /**
 214:USB_DEVICE/App/usbd_desc.c ****   * @brief  Return the device descriptor
 215:USB_DEVICE/App/usbd_desc.c ****   * @param  speed : Current device speed
 216:USB_DEVICE/App/usbd_desc.c ****   * @param  length : Pointer to data length variable
 217:USB_DEVICE/App/usbd_desc.c ****   * @retval Pointer to descriptor buffer
 218:USB_DEVICE/App/usbd_desc.c ****   */
 219:USB_DEVICE/App/usbd_desc.c **** uint8_t * USBD_FS_DeviceDescriptor(USBD_SpeedTypeDef speed, uint16_t *length)
 220:USB_DEVICE/App/usbd_desc.c **** {
  31              		.loc 1 220 1 view -0
  32              		.cfi_startproc
  33              		@ args = 0, pretend = 0, frame = 0
  34              		@ frame_needed = 0, uses_anonymous_args = 0
  35              		@ link register save eliminated.
 221:USB_DEVICE/App/usbd_desc.c ****   UNUSED(speed);
  36              		.loc 1 221 3 view .LVU1
 222:USB_DEVICE/App/usbd_desc.c ****   *length = sizeof(USBD_FS_DeviceDesc);
  37              		.loc 1 222 3 view .LVU2
  38              		.loc 1 222 11 is_stmt 0 view .LVU3
  39 0000 1223     		movs	r3, #18
 223:USB_DEVICE/App/usbd_desc.c ****   return USBD_FS_DeviceDesc;
 224:USB_DEVICE/App/usbd_desc.c **** }
  40              		.loc 1 224 1 view .LVU4
  41 0002 0148     		ldr	r0, .L3
  42              	.LVL1:
 222:USB_DEVICE/App/usbd_desc.c ****   *length = sizeof(USBD_FS_DeviceDesc);
  43              		.loc 1 222 11 view .LVU5
  44 0004 0B80     		strh	r3, [r1]	@ movhi
 223:USB_DEVICE/App/usbd_desc.c ****   return USBD_FS_DeviceDesc;
  45              		.loc 1 223 3 is_stmt 1 view .LVU6
  46              		.loc 1 224 1 is_stmt 0 view .LVU7
  47 0006 7047     		bx	lr
  48              	.L4:
  49              		.align	2
  50              	.L3:
  51 0008 00000000 		.word	USBD_FS_DeviceDesc
  52              		.cfi_endproc
  53              	.LFE138:
  55              		.section	.text.USBD_FS_LangIDStrDescriptor,"ax",%progbits
  56              		.align	1
  57              		.p2align 2,,3
  58              		.global	USBD_FS_LangIDStrDescriptor
  59              		.syntax unified
  60              		.thumb
  61              		.thumb_func
ARM GAS  /tmp/ccaxjtp5.s 			page 6


  63              	USBD_FS_LangIDStrDescriptor:
  64              	.LVL2:
  65              	.LFB139:
 225:USB_DEVICE/App/usbd_desc.c **** 
 226:USB_DEVICE/App/usbd_desc.c **** /**
 227:USB_DEVICE/App/usbd_desc.c ****   * @brief  Return the LangID string descriptor
 228:USB_DEVICE/App/usbd_desc.c ****   * @param  speed : Current device speed
 229:USB_DEVICE/App/usbd_desc.c ****   * @param  length : Pointer to data length variable
 230:USB_DEVICE/App/usbd_desc.c ****   * @retval Pointer to descriptor buffer
 231:USB_DEVICE/App/usbd_desc.c ****   */
 232:USB_DEVICE/App/usbd_desc.c **** uint8_t * USBD_FS_LangIDStrDescriptor(USBD_SpeedTypeDef speed, uint16_t *length)
 233:USB_DEVICE/App/usbd_desc.c **** {
  66              		.loc 1 233 1 is_stmt 1 view -0
  67              		.cfi_startproc
  68              		@ args = 0, pretend = 0, frame = 0
  69              		@ frame_needed = 0, uses_anonymous_args = 0
  70              		@ link register save eliminated.
 234:USB_DEVICE/App/usbd_desc.c ****   UNUSED(speed);
  71              		.loc 1 234 3 view .LVU9
 235:USB_DEVICE/App/usbd_desc.c ****   *length = sizeof(USBD_LangIDDesc);
  72              		.loc 1 235 3 view .LVU10
  73              		.loc 1 235 11 is_stmt 0 view .LVU11
  74 0000 0423     		movs	r3, #4
 236:USB_DEVICE/App/usbd_desc.c ****   return USBD_LangIDDesc;
 237:USB_DEVICE/App/usbd_desc.c **** }
  75              		.loc 1 237 1 view .LVU12
  76 0002 0148     		ldr	r0, .L6
  77              	.LVL3:
 235:USB_DEVICE/App/usbd_desc.c ****   *length = sizeof(USBD_LangIDDesc);
  78              		.loc 1 235 11 view .LVU13
  79 0004 0B80     		strh	r3, [r1]	@ movhi
 236:USB_DEVICE/App/usbd_desc.c ****   return USBD_LangIDDesc;
  80              		.loc 1 236 3 is_stmt 1 view .LVU14
  81              		.loc 1 237 1 is_stmt 0 view .LVU15
  82 0006 7047     		bx	lr
  83              	.L7:
  84              		.align	2
  85              	.L6:
  86 0008 00000000 		.word	USBD_LangIDDesc
  87              		.cfi_endproc
  88              	.LFE139:
  90              		.section	.rodata.USBD_FS_ManufacturerStrDescriptor.str1.4,"aMS",%progbits,1
  91              		.align	2
  92              	.LC0:
  93 0000 676F7963 		.ascii	"goycoitosgrupales.com\000"
  93      6F69746F 
  93      73677275 
  93      70616C65 
  93      732E636F 
  94              		.section	.text.USBD_FS_ManufacturerStrDescriptor,"ax",%progbits
  95              		.align	1
  96              		.p2align 2,,3
  97              		.global	USBD_FS_ManufacturerStrDescriptor
  98              		.syntax unified
  99              		.thumb
 100              		.thumb_func
 102              	USBD_FS_ManufacturerStrDescriptor:
ARM GAS  /tmp/ccaxjtp5.s 			page 7


 103              	.LVL4:
 104              	.LFB141:
 238:USB_DEVICE/App/usbd_desc.c **** 
 239:USB_DEVICE/App/usbd_desc.c **** /**
 240:USB_DEVICE/App/usbd_desc.c ****   * @brief  Return the product string descriptor
 241:USB_DEVICE/App/usbd_desc.c ****   * @param  speed : Current device speed
 242:USB_DEVICE/App/usbd_desc.c ****   * @param  length : Pointer to data length variable
 243:USB_DEVICE/App/usbd_desc.c ****   * @retval Pointer to descriptor buffer
 244:USB_DEVICE/App/usbd_desc.c ****   */
 245:USB_DEVICE/App/usbd_desc.c **** uint8_t * USBD_FS_ProductStrDescriptor(USBD_SpeedTypeDef speed, uint16_t *length)
 246:USB_DEVICE/App/usbd_desc.c **** {
 247:USB_DEVICE/App/usbd_desc.c ****   if(speed == 0)
 248:USB_DEVICE/App/usbd_desc.c ****   {
 249:USB_DEVICE/App/usbd_desc.c ****     USBD_GetString((uint8_t *)USBD_PRODUCT_STRING_FS, USBD_StrDesc, length);
 250:USB_DEVICE/App/usbd_desc.c ****   }
 251:USB_DEVICE/App/usbd_desc.c ****   else
 252:USB_DEVICE/App/usbd_desc.c ****   {
 253:USB_DEVICE/App/usbd_desc.c ****     USBD_GetString((uint8_t *)USBD_PRODUCT_STRING_FS, USBD_StrDesc, length);
 254:USB_DEVICE/App/usbd_desc.c ****   }
 255:USB_DEVICE/App/usbd_desc.c ****   return USBD_StrDesc;
 256:USB_DEVICE/App/usbd_desc.c **** }
 257:USB_DEVICE/App/usbd_desc.c **** 
 258:USB_DEVICE/App/usbd_desc.c **** /**
 259:USB_DEVICE/App/usbd_desc.c ****   * @brief  Return the manufacturer string descriptor
 260:USB_DEVICE/App/usbd_desc.c ****   * @param  speed : Current device speed
 261:USB_DEVICE/App/usbd_desc.c ****   * @param  length : Pointer to data length variable
 262:USB_DEVICE/App/usbd_desc.c ****   * @retval Pointer to descriptor buffer
 263:USB_DEVICE/App/usbd_desc.c ****   */
 264:USB_DEVICE/App/usbd_desc.c **** uint8_t * USBD_FS_ManufacturerStrDescriptor(USBD_SpeedTypeDef speed, uint16_t *length)
 265:USB_DEVICE/App/usbd_desc.c **** {
 105              		.loc 1 265 1 is_stmt 1 view -0
 106              		.cfi_startproc
 107              		@ args = 0, pretend = 0, frame = 0
 108              		@ frame_needed = 0, uses_anonymous_args = 0
 266:USB_DEVICE/App/usbd_desc.c ****   UNUSED(speed);
 109              		.loc 1 266 3 view .LVU17
 267:USB_DEVICE/App/usbd_desc.c ****   USBD_GetString((uint8_t *)USBD_MANUFACTURER_STRING, USBD_StrDesc, length);
 110              		.loc 1 267 3 view .LVU18
 265:USB_DEVICE/App/usbd_desc.c ****   UNUSED(speed);
 111              		.loc 1 265 1 is_stmt 0 view .LVU19
 112 0000 10B5     		push	{r4, lr}
 113              	.LCFI0:
 114              		.cfi_def_cfa_offset 8
 115              		.cfi_offset 4, -8
 116              		.cfi_offset 14, -4
 117              		.loc 1 267 3 view .LVU20
 118 0002 044C     		ldr	r4, .L10
 119 0004 0448     		ldr	r0, .L10+4
 120              	.LVL5:
 265:USB_DEVICE/App/usbd_desc.c ****   UNUSED(speed);
 121              		.loc 1 265 1 view .LVU21
 122 0006 0A46     		mov	r2, r1
 123              		.loc 1 267 3 view .LVU22
 124 0008 2146     		mov	r1, r4
 125              	.LVL6:
 126              		.loc 1 267 3 view .LVU23
 127 000a FFF7FEFF 		bl	USBD_GetString
ARM GAS  /tmp/ccaxjtp5.s 			page 8


 128              	.LVL7:
 268:USB_DEVICE/App/usbd_desc.c ****   return USBD_StrDesc;
 129              		.loc 1 268 3 is_stmt 1 view .LVU24
 269:USB_DEVICE/App/usbd_desc.c **** }
 130              		.loc 1 269 1 is_stmt 0 view .LVU25
 131 000e 2046     		mov	r0, r4
 132 0010 10BD     		pop	{r4, pc}
 133              	.L11:
 134 0012 00BF     		.align	2
 135              	.L10:
 136 0014 00000000 		.word	USBD_StrDesc
 137 0018 00000000 		.word	.LC0
 138              		.cfi_endproc
 139              	.LFE141:
 141              		.section	.rodata.USBD_FS_ProductStrDescriptor.str1.4,"aMS",%progbits,1
 142              		.align	2
 143              	.LC1:
 144 0000 536B7261 		.ascii	"Skrafty piano\000"
 144      66747920 
 144      7069616E 
 144      6F00
 145              		.section	.text.USBD_FS_ProductStrDescriptor,"ax",%progbits
 146              		.align	1
 147              		.p2align 2,,3
 148              		.global	USBD_FS_ProductStrDescriptor
 149              		.syntax unified
 150              		.thumb
 151              		.thumb_func
 153              	USBD_FS_ProductStrDescriptor:
 154              	.LVL8:
 155              	.LFB140:
 246:USB_DEVICE/App/usbd_desc.c ****   if(speed == 0)
 156              		.loc 1 246 1 is_stmt 1 view -0
 157              		.cfi_startproc
 158              		@ args = 0, pretend = 0, frame = 0
 159              		@ frame_needed = 0, uses_anonymous_args = 0
 247:USB_DEVICE/App/usbd_desc.c ****   {
 160              		.loc 1 247 3 view .LVU27
 246:USB_DEVICE/App/usbd_desc.c ****   if(speed == 0)
 161              		.loc 1 246 1 is_stmt 0 view .LVU28
 162 0000 10B5     		push	{r4, lr}
 163              	.LCFI1:
 164              		.cfi_def_cfa_offset 8
 165              		.cfi_offset 4, -8
 166              		.cfi_offset 14, -4
 167              	.LBB4:
 168              	.LBB5:
 249:USB_DEVICE/App/usbd_desc.c ****   }
 169              		.loc 1 249 5 view .LVU29
 170 0002 044C     		ldr	r4, .L14
 171 0004 0448     		ldr	r0, .L14+4
 172              	.LVL9:
 249:USB_DEVICE/App/usbd_desc.c ****   }
 173              		.loc 1 249 5 view .LVU30
 174              	.LBE5:
 175              	.LBE4:
 246:USB_DEVICE/App/usbd_desc.c ****   if(speed == 0)
ARM GAS  /tmp/ccaxjtp5.s 			page 9


 176              		.loc 1 246 1 view .LVU31
 177 0006 0A46     		mov	r2, r1
 178              	.LVL10:
 179              	.LBB7:
 180              	.LBI4:
 245:USB_DEVICE/App/usbd_desc.c **** {
 181              		.loc 1 245 11 is_stmt 1 view .LVU32
 182              	.LBB6:
 249:USB_DEVICE/App/usbd_desc.c ****   }
 183              		.loc 1 249 5 view .LVU33
 184 0008 2146     		mov	r1, r4
 185              	.LVL11:
 249:USB_DEVICE/App/usbd_desc.c ****   }
 186              		.loc 1 249 5 is_stmt 0 view .LVU34
 187 000a FFF7FEFF 		bl	USBD_GetString
 188              	.LVL12:
 249:USB_DEVICE/App/usbd_desc.c ****   }
 189              		.loc 1 249 5 view .LVU35
 190              	.LBE6:
 191              	.LBE7:
 255:USB_DEVICE/App/usbd_desc.c **** }
 192              		.loc 1 255 3 is_stmt 1 view .LVU36
 256:USB_DEVICE/App/usbd_desc.c **** 
 193              		.loc 1 256 1 is_stmt 0 view .LVU37
 194 000e 2046     		mov	r0, r4
 195 0010 10BD     		pop	{r4, pc}
 196              	.L15:
 197 0012 00BF     		.align	2
 198              	.L14:
 199 0014 00000000 		.word	USBD_StrDesc
 200 0018 00000000 		.word	.LC1
 201              		.cfi_endproc
 202              	.LFE140:
 204              		.section	.rodata.USBD_FS_ConfigStrDescriptor.str1.4,"aMS",%progbits,1
 205              		.align	2
 206              	.LC2:
 207 0000 706F6E67 		.ascii	"pongan touhou\000"
 207      616E2074 
 207      6F75686F 
 207      7500
 208              		.section	.text.USBD_FS_ConfigStrDescriptor,"ax",%progbits
 209              		.align	1
 210              		.p2align 2,,3
 211              		.global	USBD_FS_ConfigStrDescriptor
 212              		.syntax unified
 213              		.thumb
 214              		.thumb_func
 216              	USBD_FS_ConfigStrDescriptor:
 217              	.LVL13:
 218              	.LFB143:
 270:USB_DEVICE/App/usbd_desc.c **** 
 271:USB_DEVICE/App/usbd_desc.c **** /**
 272:USB_DEVICE/App/usbd_desc.c ****   * @brief  Return the serial number string descriptor
 273:USB_DEVICE/App/usbd_desc.c ****   * @param  speed : Current device speed
 274:USB_DEVICE/App/usbd_desc.c ****   * @param  length : Pointer to data length variable
 275:USB_DEVICE/App/usbd_desc.c ****   * @retval Pointer to descriptor buffer
 276:USB_DEVICE/App/usbd_desc.c ****   */
ARM GAS  /tmp/ccaxjtp5.s 			page 10


 277:USB_DEVICE/App/usbd_desc.c **** uint8_t * USBD_FS_SerialStrDescriptor(USBD_SpeedTypeDef speed, uint16_t *length)
 278:USB_DEVICE/App/usbd_desc.c **** {
 279:USB_DEVICE/App/usbd_desc.c ****   UNUSED(speed);
 280:USB_DEVICE/App/usbd_desc.c ****   *length = USB_SIZ_STRING_SERIAL;
 281:USB_DEVICE/App/usbd_desc.c **** 
 282:USB_DEVICE/App/usbd_desc.c ****   /* Update the serial number string descriptor with the data from the unique
 283:USB_DEVICE/App/usbd_desc.c ****    * ID */
 284:USB_DEVICE/App/usbd_desc.c ****   Get_SerialNum();
 285:USB_DEVICE/App/usbd_desc.c ****   /* USER CODE BEGIN USBD_FS_SerialStrDescriptor */
 286:USB_DEVICE/App/usbd_desc.c **** 
 287:USB_DEVICE/App/usbd_desc.c ****   /* USER CODE END USBD_FS_SerialStrDescriptor */
 288:USB_DEVICE/App/usbd_desc.c ****   return (uint8_t *) USBD_StringSerial;
 289:USB_DEVICE/App/usbd_desc.c **** }
 290:USB_DEVICE/App/usbd_desc.c **** 
 291:USB_DEVICE/App/usbd_desc.c **** /**
 292:USB_DEVICE/App/usbd_desc.c ****   * @brief  Return the configuration string descriptor
 293:USB_DEVICE/App/usbd_desc.c ****   * @param  speed : Current device speed
 294:USB_DEVICE/App/usbd_desc.c ****   * @param  length : Pointer to data length variable
 295:USB_DEVICE/App/usbd_desc.c ****   * @retval Pointer to descriptor buffer
 296:USB_DEVICE/App/usbd_desc.c ****   */
 297:USB_DEVICE/App/usbd_desc.c **** uint8_t * USBD_FS_ConfigStrDescriptor(USBD_SpeedTypeDef speed, uint16_t *length)
 298:USB_DEVICE/App/usbd_desc.c **** {
 219              		.loc 1 298 1 is_stmt 1 view -0
 220              		.cfi_startproc
 221              		@ args = 0, pretend = 0, frame = 0
 222              		@ frame_needed = 0, uses_anonymous_args = 0
 299:USB_DEVICE/App/usbd_desc.c ****   if(speed == USBD_SPEED_HIGH)
 223              		.loc 1 299 3 view .LVU39
 298:USB_DEVICE/App/usbd_desc.c ****   if(speed == USBD_SPEED_HIGH)
 224              		.loc 1 298 1 is_stmt 0 view .LVU40
 225 0000 10B5     		push	{r4, lr}
 226              	.LCFI2:
 227              		.cfi_def_cfa_offset 8
 228              		.cfi_offset 4, -8
 229              		.cfi_offset 14, -4
 230              	.LBB10:
 231              	.LBB11:
 300:USB_DEVICE/App/usbd_desc.c ****   {
 301:USB_DEVICE/App/usbd_desc.c ****     USBD_GetString((uint8_t *)USBD_CONFIGURATION_STRING_FS, USBD_StrDesc, length);
 232              		.loc 1 301 5 view .LVU41
 233 0002 044C     		ldr	r4, .L18
 234 0004 0448     		ldr	r0, .L18+4
 235              	.LVL14:
 236              		.loc 1 301 5 view .LVU42
 237              	.LBE11:
 238              	.LBE10:
 298:USB_DEVICE/App/usbd_desc.c ****   if(speed == USBD_SPEED_HIGH)
 239              		.loc 1 298 1 view .LVU43
 240 0006 0A46     		mov	r2, r1
 241              	.LVL15:
 242              	.LBB13:
 243              	.LBI10:
 297:USB_DEVICE/App/usbd_desc.c **** {
 244              		.loc 1 297 11 is_stmt 1 view .LVU44
 245              	.LBB12:
 246              		.loc 1 301 5 view .LVU45
 247 0008 2146     		mov	r1, r4
ARM GAS  /tmp/ccaxjtp5.s 			page 11


 248              	.LVL16:
 249              		.loc 1 301 5 is_stmt 0 view .LVU46
 250 000a FFF7FEFF 		bl	USBD_GetString
 251              	.LVL17:
 252              		.loc 1 301 5 view .LVU47
 253              	.LBE12:
 254              	.LBE13:
 302:USB_DEVICE/App/usbd_desc.c ****   }
 303:USB_DEVICE/App/usbd_desc.c ****   else
 304:USB_DEVICE/App/usbd_desc.c ****   {
 305:USB_DEVICE/App/usbd_desc.c ****     USBD_GetString((uint8_t *)USBD_CONFIGURATION_STRING_FS, USBD_StrDesc, length);
 306:USB_DEVICE/App/usbd_desc.c ****   }
 307:USB_DEVICE/App/usbd_desc.c ****   return USBD_StrDesc;
 255              		.loc 1 307 3 is_stmt 1 view .LVU48
 308:USB_DEVICE/App/usbd_desc.c **** }
 256              		.loc 1 308 1 is_stmt 0 view .LVU49
 257 000e 2046     		mov	r0, r4
 258 0010 10BD     		pop	{r4, pc}
 259              	.L19:
 260 0012 00BF     		.align	2
 261              	.L18:
 262 0014 00000000 		.word	USBD_StrDesc
 263 0018 00000000 		.word	.LC2
 264              		.cfi_endproc
 265              	.LFE143:
 267              		.section	.rodata.USBD_FS_InterfaceStrDescriptor.str1.4,"aMS",%progbits,1
 268              		.align	2
 269              	.LC3:
 270 0000 65736120 		.ascii	"esa perra mamada que\000"
 270      70657272 
 270      61206D61 
 270      6D616461 
 270      20717565 
 271              		.section	.text.USBD_FS_InterfaceStrDescriptor,"ax",%progbits
 272              		.align	1
 273              		.p2align 2,,3
 274              		.global	USBD_FS_InterfaceStrDescriptor
 275              		.syntax unified
 276              		.thumb
 277              		.thumb_func
 279              	USBD_FS_InterfaceStrDescriptor:
 280              	.LVL18:
 281              	.LFB144:
 309:USB_DEVICE/App/usbd_desc.c **** 
 310:USB_DEVICE/App/usbd_desc.c **** /**
 311:USB_DEVICE/App/usbd_desc.c ****   * @brief  Return the interface string descriptor
 312:USB_DEVICE/App/usbd_desc.c ****   * @param  speed : Current device speed
 313:USB_DEVICE/App/usbd_desc.c ****   * @param  length : Pointer to data length variable
 314:USB_DEVICE/App/usbd_desc.c ****   * @retval Pointer to descriptor buffer
 315:USB_DEVICE/App/usbd_desc.c ****   */
 316:USB_DEVICE/App/usbd_desc.c **** uint8_t * USBD_FS_InterfaceStrDescriptor(USBD_SpeedTypeDef speed, uint16_t *length)
 317:USB_DEVICE/App/usbd_desc.c **** {
 282              		.loc 1 317 1 is_stmt 1 view -0
 283              		.cfi_startproc
 284              		@ args = 0, pretend = 0, frame = 0
 285              		@ frame_needed = 0, uses_anonymous_args = 0
 318:USB_DEVICE/App/usbd_desc.c ****   if(speed == 0)
ARM GAS  /tmp/ccaxjtp5.s 			page 12


 286              		.loc 1 318 3 view .LVU51
 317:USB_DEVICE/App/usbd_desc.c ****   if(speed == 0)
 287              		.loc 1 317 1 is_stmt 0 view .LVU52
 288 0000 10B5     		push	{r4, lr}
 289              	.LCFI3:
 290              		.cfi_def_cfa_offset 8
 291              		.cfi_offset 4, -8
 292              		.cfi_offset 14, -4
 293              	.LBB16:
 294              	.LBB17:
 319:USB_DEVICE/App/usbd_desc.c ****   {
 320:USB_DEVICE/App/usbd_desc.c ****     USBD_GetString((uint8_t *)USBD_INTERFACE_STRING_FS, USBD_StrDesc, length);
 295              		.loc 1 320 5 view .LVU53
 296 0002 044C     		ldr	r4, .L22
 297 0004 0448     		ldr	r0, .L22+4
 298              	.LVL19:
 299              		.loc 1 320 5 view .LVU54
 300              	.LBE17:
 301              	.LBE16:
 317:USB_DEVICE/App/usbd_desc.c ****   if(speed == 0)
 302              		.loc 1 317 1 view .LVU55
 303 0006 0A46     		mov	r2, r1
 304              	.LVL20:
 305              	.LBB19:
 306              	.LBI16:
 316:USB_DEVICE/App/usbd_desc.c **** {
 307              		.loc 1 316 11 is_stmt 1 view .LVU56
 308              	.LBB18:
 309              		.loc 1 320 5 view .LVU57
 310 0008 2146     		mov	r1, r4
 311              	.LVL21:
 312              		.loc 1 320 5 is_stmt 0 view .LVU58
 313 000a FFF7FEFF 		bl	USBD_GetString
 314              	.LVL22:
 315              		.loc 1 320 5 view .LVU59
 316              	.LBE18:
 317              	.LBE19:
 321:USB_DEVICE/App/usbd_desc.c ****   }
 322:USB_DEVICE/App/usbd_desc.c ****   else
 323:USB_DEVICE/App/usbd_desc.c ****   {
 324:USB_DEVICE/App/usbd_desc.c ****     USBD_GetString((uint8_t *)USBD_INTERFACE_STRING_FS, USBD_StrDesc, length);
 325:USB_DEVICE/App/usbd_desc.c ****   }
 326:USB_DEVICE/App/usbd_desc.c ****   return USBD_StrDesc;
 318              		.loc 1 326 3 is_stmt 1 view .LVU60
 327:USB_DEVICE/App/usbd_desc.c **** }
 319              		.loc 1 327 1 is_stmt 0 view .LVU61
 320 000e 2046     		mov	r0, r4
 321 0010 10BD     		pop	{r4, pc}
 322              	.L23:
 323 0012 00BF     		.align	2
 324              	.L22:
 325 0014 00000000 		.word	USBD_StrDesc
 326 0018 00000000 		.word	.LC3
 327              		.cfi_endproc
 328              	.LFE144:
 330              		.section	.text.USBD_FS_SerialStrDescriptor,"ax",%progbits
 331              		.align	1
ARM GAS  /tmp/ccaxjtp5.s 			page 13


 332              		.p2align 2,,3
 333              		.global	USBD_FS_SerialStrDescriptor
 334              		.syntax unified
 335              		.thumb
 336              		.thumb_func
 338              	USBD_FS_SerialStrDescriptor:
 339              	.LVL23:
 340              	.LFB142:
 278:USB_DEVICE/App/usbd_desc.c ****   UNUSED(speed);
 341              		.loc 1 278 1 is_stmt 1 view -0
 342              		.cfi_startproc
 343              		@ args = 0, pretend = 0, frame = 0
 344              		@ frame_needed = 0, uses_anonymous_args = 0
 345              		@ link register save eliminated.
 279:USB_DEVICE/App/usbd_desc.c ****   *length = USB_SIZ_STRING_SERIAL;
 346              		.loc 1 279 3 view .LVU63
 280:USB_DEVICE/App/usbd_desc.c **** 
 347              		.loc 1 280 3 view .LVU64
 348              	.LBB26:
 349              	.LBB27:
 328:USB_DEVICE/App/usbd_desc.c **** 
 329:USB_DEVICE/App/usbd_desc.c **** #if (USBD_LPM_ENABLED == 1)
 330:USB_DEVICE/App/usbd_desc.c **** /**
 331:USB_DEVICE/App/usbd_desc.c ****   * @brief  Return the BOS descriptor
 332:USB_DEVICE/App/usbd_desc.c ****   * @param  speed : Current device speed
 333:USB_DEVICE/App/usbd_desc.c ****   * @param  length : Pointer to data length variable
 334:USB_DEVICE/App/usbd_desc.c ****   * @retval Pointer to descriptor buffer
 335:USB_DEVICE/App/usbd_desc.c ****   */
 336:USB_DEVICE/App/usbd_desc.c **** uint8_t * USBD_FS_USR_BOSDescriptor(USBD_SpeedTypeDef speed, uint16_t *length)
 337:USB_DEVICE/App/usbd_desc.c **** {
 338:USB_DEVICE/App/usbd_desc.c ****   UNUSED(speed);
 339:USB_DEVICE/App/usbd_desc.c ****   *length = sizeof(USBD_FS_BOSDesc);
 340:USB_DEVICE/App/usbd_desc.c ****   return (uint8_t*)USBD_FS_BOSDesc;
 341:USB_DEVICE/App/usbd_desc.c **** }
 342:USB_DEVICE/App/usbd_desc.c **** #endif /* (USBD_LPM_ENABLED == 1) */
 343:USB_DEVICE/App/usbd_desc.c **** 
 344:USB_DEVICE/App/usbd_desc.c **** /**
 345:USB_DEVICE/App/usbd_desc.c ****   * @brief  Create the serial number string descriptor
 346:USB_DEVICE/App/usbd_desc.c ****   * @param  None
 347:USB_DEVICE/App/usbd_desc.c ****   * @retval None
 348:USB_DEVICE/App/usbd_desc.c ****   */
 349:USB_DEVICE/App/usbd_desc.c **** static void Get_SerialNum(void)
 350:USB_DEVICE/App/usbd_desc.c **** {
 351:USB_DEVICE/App/usbd_desc.c ****   uint32_t deviceserial0;
 352:USB_DEVICE/App/usbd_desc.c ****   uint32_t deviceserial1;
 353:USB_DEVICE/App/usbd_desc.c ****   uint32_t deviceserial2;
 354:USB_DEVICE/App/usbd_desc.c **** 
 355:USB_DEVICE/App/usbd_desc.c ****   deviceserial0 = *(uint32_t *) DEVICE_ID1;
 350              		.loc 1 355 17 is_stmt 0 view .LVU65
 351 0000 514A     		ldr	r2, .L53
 352 0002 D2F8103A 		ldr	r3, [r2, #2576]
 356:USB_DEVICE/App/usbd_desc.c ****   deviceserial1 = *(uint32_t *) DEVICE_ID2;
 357:USB_DEVICE/App/usbd_desc.c ****   deviceserial2 = *(uint32_t *) DEVICE_ID3;
 358:USB_DEVICE/App/usbd_desc.c **** 
 359:USB_DEVICE/App/usbd_desc.c ****   deviceserial0 += deviceserial2;
 353              		.loc 1 359 17 view .LVU66
 354 0006 D2F8180A 		ldr	r0, [r2, #2584]
ARM GAS  /tmp/ccaxjtp5.s 			page 14


 355              	.LVL24:
 356              		.loc 1 359 17 view .LVU67
 357              	.LBE27:
 358              	.LBE26:
 280:USB_DEVICE/App/usbd_desc.c **** 
 359              		.loc 1 280 11 view .LVU68
 360 000a 4FF01A0C 		mov	ip, #26
 361              	.LBB54:
 362              	.LBB50:
 360:USB_DEVICE/App/usbd_desc.c **** 
 361:USB_DEVICE/App/usbd_desc.c ****   if (deviceserial0 != 0)
 363              		.loc 1 361 6 view .LVU69
 364 000e 1B18     		adds	r3, r3, r0
 365              	.LBE50:
 366              	.LBE54:
 280:USB_DEVICE/App/usbd_desc.c **** 
 367              		.loc 1 280 11 view .LVU70
 368 0010 A1F800C0 		strh	ip, [r1]	@ movhi
 284:USB_DEVICE/App/usbd_desc.c ****   /* USER CODE BEGIN USBD_FS_SerialStrDescriptor */
 369              		.loc 1 284 3 is_stmt 1 view .LVU71
 370              	.LBB55:
 371              	.LBI26:
 349:USB_DEVICE/App/usbd_desc.c **** {
 372              		.loc 1 349 13 view .LVU72
 373              	.LBB51:
 351:USB_DEVICE/App/usbd_desc.c ****   uint32_t deviceserial1;
 374              		.loc 1 351 3 view .LVU73
 352:USB_DEVICE/App/usbd_desc.c ****   uint32_t deviceserial2;
 375              		.loc 1 352 3 view .LVU74
 353:USB_DEVICE/App/usbd_desc.c **** 
 376              		.loc 1 353 3 view .LVU75
 355:USB_DEVICE/App/usbd_desc.c ****   deviceserial1 = *(uint32_t *) DEVICE_ID2;
 377              		.loc 1 355 3 view .LVU76
 356:USB_DEVICE/App/usbd_desc.c ****   deviceserial2 = *(uint32_t *) DEVICE_ID3;
 378              		.loc 1 356 3 view .LVU77
 379              	.LVL25:
 357:USB_DEVICE/App/usbd_desc.c **** 
 380              		.loc 1 357 3 view .LVU78
 359:USB_DEVICE/App/usbd_desc.c **** 
 381              		.loc 1 359 3 view .LVU79
 382              		.loc 1 361 3 view .LVU80
 383              		.loc 1 361 6 is_stmt 0 view .LVU81
 384 0014 01D1     		bne	.L52
 385              	.LBE51:
 386              	.LBE55:
 289:USB_DEVICE/App/usbd_desc.c **** 
 387              		.loc 1 289 1 view .LVU82
 388 0016 4D48     		ldr	r0, .L53+4
 389 0018 7047     		bx	lr
 390              	.L52:
 391              	.LBB56:
 392              	.LBB52:
 356:USB_DEVICE/App/usbd_desc.c ****   deviceserial2 = *(uint32_t *) DEVICE_ID3;
 393              		.loc 1 356 17 view .LVU83
 394 001a D2F8141A 		ldr	r1, [r2, #2580]
 395              	.LVL26:
 396              	.LBB28:
ARM GAS  /tmp/ccaxjtp5.s 			page 15


 397              	.LBB29:
 362:USB_DEVICE/App/usbd_desc.c ****   {
 363:USB_DEVICE/App/usbd_desc.c ****     IntToUnicode(deviceserial0, &USBD_StringSerial[2], 8);
 364:USB_DEVICE/App/usbd_desc.c ****     IntToUnicode(deviceserial1, &USBD_StringSerial[18], 4);
 365:USB_DEVICE/App/usbd_desc.c ****   }
 366:USB_DEVICE/App/usbd_desc.c **** }
 367:USB_DEVICE/App/usbd_desc.c **** 
 368:USB_DEVICE/App/usbd_desc.c **** /**
 369:USB_DEVICE/App/usbd_desc.c ****   * @brief  Convert Hex 32Bits value into char
 370:USB_DEVICE/App/usbd_desc.c ****   * @param  value: value to convert
 371:USB_DEVICE/App/usbd_desc.c ****   * @param  pbuf: pointer to the buffer
 372:USB_DEVICE/App/usbd_desc.c ****   * @param  len: buffer length
 373:USB_DEVICE/App/usbd_desc.c ****   * @retval None
 374:USB_DEVICE/App/usbd_desc.c ****   */
 375:USB_DEVICE/App/usbd_desc.c **** static void IntToUnicode(uint32_t value, uint8_t * pbuf, uint8_t len)
 376:USB_DEVICE/App/usbd_desc.c **** {
 377:USB_DEVICE/App/usbd_desc.c ****   uint8_t idx = 0;
 378:USB_DEVICE/App/usbd_desc.c **** 
 379:USB_DEVICE/App/usbd_desc.c ****   for (idx = 0; idx < len; idx++)
 380:USB_DEVICE/App/usbd_desc.c ****   {
 381:USB_DEVICE/App/usbd_desc.c ****     if (((value >> 28)) < 0xA)
 398              		.loc 1 381 5 is_stmt 1 view .LVU84
 382:USB_DEVICE/App/usbd_desc.c ****     {
 383:USB_DEVICE/App/usbd_desc.c ****       pbuf[2 * idx] = (value >> 28) + '0';
 384:USB_DEVICE/App/usbd_desc.c ****     }
 385:USB_DEVICE/App/usbd_desc.c ****     else
 386:USB_DEVICE/App/usbd_desc.c ****     {
 387:USB_DEVICE/App/usbd_desc.c ****       pbuf[2 * idx] = (value >> 28) + 'A' - 10;
 399              		.loc 1 387 7 view .LVU85
 383:USB_DEVICE/App/usbd_desc.c ****     }
 400              		.loc 1 383 7 view .LVU86
 383:USB_DEVICE/App/usbd_desc.c ****     }
 401              		.loc 1 383 21 is_stmt 0 view .LVU87
 402 001e 4B4A     		ldr	r2, .L53+4
 383:USB_DEVICE/App/usbd_desc.c ****     }
 403              		.loc 1 383 37 view .LVU88
 404 0020 180F     		lsrs	r0, r3, #28
 381:USB_DEVICE/App/usbd_desc.c ****     {
 405              		.loc 1 381 8 view .LVU89
 406 0022 B3F1204F 		cmp	r3, #-1610612736
 388:USB_DEVICE/App/usbd_desc.c ****     }
 389:USB_DEVICE/App/usbd_desc.c **** 
 390:USB_DEVICE/App/usbd_desc.c ****     value = value << 4;
 391:USB_DEVICE/App/usbd_desc.c **** 
 392:USB_DEVICE/App/usbd_desc.c ****     pbuf[2 * idx + 1] = 0;
 407              		.loc 1 392 23 view .LVU90
 408 0026 4FF0000C 		mov	ip, #0
 387:USB_DEVICE/App/usbd_desc.c ****     }
 409              		.loc 1 387 43 view .LVU91
 410 002a 2CBF     		ite	cs
 411 002c 3730     		addcs	r0, r0, #55
 383:USB_DEVICE/App/usbd_desc.c ****     }
 412              		.loc 1 383 37 view .LVU92
 413 002e 3030     		addcc	r0, r0, #48
 414              		.loc 1 392 23 view .LVU93
 415 0030 82F803C0 		strb	ip, [r2, #3]
 416              	.LVL27:
ARM GAS  /tmp/ccaxjtp5.s 			page 16


 381:USB_DEVICE/App/usbd_desc.c ****     {
 417              		.loc 1 381 17 view .LVU94
 418 0034 C3F3036C 		ubfx	ip, r3, #24, #4
 381:USB_DEVICE/App/usbd_desc.c ****     {
 419              		.loc 1 381 8 view .LVU95
 420 0038 BCF1090F 		cmp	ip, #9
 383:USB_DEVICE/App/usbd_desc.c ****     }
 421              		.loc 1 383 21 view .LVU96
 422 003c 9070     		strb	r0, [r2, #2]
 390:USB_DEVICE/App/usbd_desc.c **** 
 423              		.loc 1 390 5 is_stmt 1 view .LVU97
 424              	.LVL28:
 425              		.loc 1 392 5 view .LVU98
 379:USB_DEVICE/App/usbd_desc.c ****   {
 426              		.loc 1 379 31 discriminator 2 view .LVU99
 379:USB_DEVICE/App/usbd_desc.c ****   {
 427              		.loc 1 379 21 discriminator 1 view .LVU100
 381:USB_DEVICE/App/usbd_desc.c ****     {
 428              		.loc 1 381 5 view .LVU101
 387:USB_DEVICE/App/usbd_desc.c ****     }
 429              		.loc 1 387 7 view .LVU102
 383:USB_DEVICE/App/usbd_desc.c ****     }
 430              		.loc 1 383 7 view .LVU103
 383:USB_DEVICE/App/usbd_desc.c ****     }
 431              		.loc 1 383 37 is_stmt 0 view .LVU104
 432 003e 6046     		mov	r0, ip
 433              		.loc 1 392 23 view .LVU105
 434 0040 4FF0000C 		mov	ip, #0
 387:USB_DEVICE/App/usbd_desc.c ****     }
 435              		.loc 1 387 43 view .LVU106
 436 0044 8CBF     		ite	hi
 437 0046 3730     		addhi	r0, r0, #55
 383:USB_DEVICE/App/usbd_desc.c ****     }
 438              		.loc 1 383 37 view .LVU107
 439 0048 3030     		addls	r0, r0, #48
 440              		.loc 1 392 23 view .LVU108
 441 004a 82F805C0 		strb	ip, [r2, #5]
 381:USB_DEVICE/App/usbd_desc.c ****     {
 442              		.loc 1 381 17 view .LVU109
 443 004e C3F3035C 		ubfx	ip, r3, #20, #4
 381:USB_DEVICE/App/usbd_desc.c ****     {
 444              		.loc 1 381 8 view .LVU110
 445 0052 BCF1090F 		cmp	ip, #9
 383:USB_DEVICE/App/usbd_desc.c ****     }
 446              		.loc 1 383 21 view .LVU111
 447 0056 1071     		strb	r0, [r2, #4]
 390:USB_DEVICE/App/usbd_desc.c **** 
 448              		.loc 1 390 5 is_stmt 1 view .LVU112
 449              	.LVL29:
 450              		.loc 1 392 5 view .LVU113
 379:USB_DEVICE/App/usbd_desc.c ****   {
 451              		.loc 1 379 31 discriminator 2 view .LVU114
 379:USB_DEVICE/App/usbd_desc.c ****   {
 452              		.loc 1 379 21 discriminator 1 view .LVU115
 381:USB_DEVICE/App/usbd_desc.c ****     {
 453              		.loc 1 381 5 view .LVU116
 387:USB_DEVICE/App/usbd_desc.c ****     }
ARM GAS  /tmp/ccaxjtp5.s 			page 17


 454              		.loc 1 387 7 view .LVU117
 383:USB_DEVICE/App/usbd_desc.c ****     }
 455              		.loc 1 383 7 view .LVU118
 383:USB_DEVICE/App/usbd_desc.c ****     }
 456              		.loc 1 383 37 is_stmt 0 view .LVU119
 457 0058 6046     		mov	r0, ip
 458              		.loc 1 392 23 view .LVU120
 459 005a 4FF0000C 		mov	ip, #0
 387:USB_DEVICE/App/usbd_desc.c ****     }
 460              		.loc 1 387 43 view .LVU121
 461 005e 8CBF     		ite	hi
 462 0060 3730     		addhi	r0, r0, #55
 383:USB_DEVICE/App/usbd_desc.c ****     }
 463              		.loc 1 383 37 view .LVU122
 464 0062 3030     		addls	r0, r0, #48
 465              		.loc 1 392 23 view .LVU123
 466 0064 82F807C0 		strb	ip, [r2, #7]
 381:USB_DEVICE/App/usbd_desc.c ****     {
 467              		.loc 1 381 17 view .LVU124
 468 0068 C3F3034C 		ubfx	ip, r3, #16, #4
 381:USB_DEVICE/App/usbd_desc.c ****     {
 469              		.loc 1 381 8 view .LVU125
 470 006c BCF1090F 		cmp	ip, #9
 383:USB_DEVICE/App/usbd_desc.c ****     }
 471              		.loc 1 383 21 view .LVU126
 472 0070 9071     		strb	r0, [r2, #6]
 390:USB_DEVICE/App/usbd_desc.c **** 
 473              		.loc 1 390 5 is_stmt 1 view .LVU127
 474              	.LVL30:
 475              		.loc 1 392 5 view .LVU128
 379:USB_DEVICE/App/usbd_desc.c ****   {
 476              		.loc 1 379 31 discriminator 2 view .LVU129
 379:USB_DEVICE/App/usbd_desc.c ****   {
 477              		.loc 1 379 21 discriminator 1 view .LVU130
 381:USB_DEVICE/App/usbd_desc.c ****     {
 478              		.loc 1 381 5 view .LVU131
 387:USB_DEVICE/App/usbd_desc.c ****     }
 479              		.loc 1 387 7 view .LVU132
 383:USB_DEVICE/App/usbd_desc.c ****     }
 480              		.loc 1 383 7 view .LVU133
 383:USB_DEVICE/App/usbd_desc.c ****     }
 481              		.loc 1 383 37 is_stmt 0 view .LVU134
 482 0072 6046     		mov	r0, ip
 483              		.loc 1 392 23 view .LVU135
 484 0074 4FF0000C 		mov	ip, #0
 387:USB_DEVICE/App/usbd_desc.c ****     }
 485              		.loc 1 387 43 view .LVU136
 486 0078 8CBF     		ite	hi
 487 007a 3730     		addhi	r0, r0, #55
 383:USB_DEVICE/App/usbd_desc.c ****     }
 488              		.loc 1 383 37 view .LVU137
 489 007c 3030     		addls	r0, r0, #48
 490              		.loc 1 392 23 view .LVU138
 491 007e 82F809C0 		strb	ip, [r2, #9]
 381:USB_DEVICE/App/usbd_desc.c ****     {
 492              		.loc 1 381 17 view .LVU139
 493 0082 C3F3033C 		ubfx	ip, r3, #12, #4
ARM GAS  /tmp/ccaxjtp5.s 			page 18


 381:USB_DEVICE/App/usbd_desc.c ****     {
 494              		.loc 1 381 8 view .LVU140
 495 0086 BCF1090F 		cmp	ip, #9
 383:USB_DEVICE/App/usbd_desc.c ****     }
 496              		.loc 1 383 21 view .LVU141
 497 008a 1072     		strb	r0, [r2, #8]
 390:USB_DEVICE/App/usbd_desc.c **** 
 498              		.loc 1 390 5 is_stmt 1 view .LVU142
 499              	.LVL31:
 500              		.loc 1 392 5 view .LVU143
 379:USB_DEVICE/App/usbd_desc.c ****   {
 501              		.loc 1 379 31 discriminator 2 view .LVU144
 379:USB_DEVICE/App/usbd_desc.c ****   {
 502              		.loc 1 379 21 discriminator 1 view .LVU145
 381:USB_DEVICE/App/usbd_desc.c ****     {
 503              		.loc 1 381 5 view .LVU146
 387:USB_DEVICE/App/usbd_desc.c ****     }
 504              		.loc 1 387 7 view .LVU147
 383:USB_DEVICE/App/usbd_desc.c ****     }
 505              		.loc 1 383 7 view .LVU148
 383:USB_DEVICE/App/usbd_desc.c ****     }
 506              		.loc 1 383 37 is_stmt 0 view .LVU149
 507 008c 6046     		mov	r0, ip
 508              		.loc 1 392 23 view .LVU150
 509 008e 4FF0000C 		mov	ip, #0
 387:USB_DEVICE/App/usbd_desc.c ****     }
 510              		.loc 1 387 43 view .LVU151
 511 0092 8CBF     		ite	hi
 512 0094 3730     		addhi	r0, r0, #55
 383:USB_DEVICE/App/usbd_desc.c ****     }
 513              		.loc 1 383 37 view .LVU152
 514 0096 3030     		addls	r0, r0, #48
 515              		.loc 1 392 23 view .LVU153
 516 0098 82F80BC0 		strb	ip, [r2, #11]
 381:USB_DEVICE/App/usbd_desc.c ****     {
 517              		.loc 1 381 17 view .LVU154
 518 009c C3F3032C 		ubfx	ip, r3, #8, #4
 381:USB_DEVICE/App/usbd_desc.c ****     {
 519              		.loc 1 381 8 view .LVU155
 520 00a0 BCF1090F 		cmp	ip, #9
 383:USB_DEVICE/App/usbd_desc.c ****     }
 521              		.loc 1 383 21 view .LVU156
 522 00a4 9072     		strb	r0, [r2, #10]
 390:USB_DEVICE/App/usbd_desc.c **** 
 523              		.loc 1 390 5 is_stmt 1 view .LVU157
 524              	.LVL32:
 525              		.loc 1 392 5 view .LVU158
 379:USB_DEVICE/App/usbd_desc.c ****   {
 526              		.loc 1 379 31 discriminator 2 view .LVU159
 379:USB_DEVICE/App/usbd_desc.c ****   {
 527              		.loc 1 379 21 discriminator 1 view .LVU160
 381:USB_DEVICE/App/usbd_desc.c ****     {
 528              		.loc 1 381 5 view .LVU161
 387:USB_DEVICE/App/usbd_desc.c ****     }
 529              		.loc 1 387 7 view .LVU162
 383:USB_DEVICE/App/usbd_desc.c ****     }
 530              		.loc 1 383 7 view .LVU163
ARM GAS  /tmp/ccaxjtp5.s 			page 19


 383:USB_DEVICE/App/usbd_desc.c ****     }
 531              		.loc 1 383 37 is_stmt 0 view .LVU164
 532 00a6 6046     		mov	r0, ip
 533              		.loc 1 392 23 view .LVU165
 534 00a8 4FF0000C 		mov	ip, #0
 387:USB_DEVICE/App/usbd_desc.c ****     }
 535              		.loc 1 387 43 view .LVU166
 536 00ac 8CBF     		ite	hi
 537 00ae 3730     		addhi	r0, r0, #55
 383:USB_DEVICE/App/usbd_desc.c ****     }
 538              		.loc 1 383 37 view .LVU167
 539 00b0 3030     		addls	r0, r0, #48
 540              		.loc 1 392 23 view .LVU168
 541 00b2 82F80DC0 		strb	ip, [r2, #13]
 381:USB_DEVICE/App/usbd_desc.c ****     {
 542              		.loc 1 381 17 view .LVU169
 543 00b6 C3F3031C 		ubfx	ip, r3, #4, #4
 381:USB_DEVICE/App/usbd_desc.c ****     {
 544              		.loc 1 381 8 view .LVU170
 545 00ba BCF1090F 		cmp	ip, #9
 383:USB_DEVICE/App/usbd_desc.c ****     }
 546              		.loc 1 383 21 view .LVU171
 547 00be 1073     		strb	r0, [r2, #12]
 390:USB_DEVICE/App/usbd_desc.c **** 
 548              		.loc 1 390 5 is_stmt 1 view .LVU172
 549              	.LVL33:
 550              		.loc 1 392 5 view .LVU173
 379:USB_DEVICE/App/usbd_desc.c ****   {
 551              		.loc 1 379 31 discriminator 2 view .LVU174
 379:USB_DEVICE/App/usbd_desc.c ****   {
 552              		.loc 1 379 21 discriminator 1 view .LVU175
 381:USB_DEVICE/App/usbd_desc.c ****     {
 553              		.loc 1 381 5 view .LVU176
 387:USB_DEVICE/App/usbd_desc.c ****     }
 554              		.loc 1 387 7 view .LVU177
 383:USB_DEVICE/App/usbd_desc.c ****     }
 555              		.loc 1 383 7 view .LVU178
 383:USB_DEVICE/App/usbd_desc.c ****     }
 556              		.loc 1 383 37 is_stmt 0 view .LVU179
 557 00c0 6046     		mov	r0, ip
 387:USB_DEVICE/App/usbd_desc.c ****     }
 558              		.loc 1 387 43 view .LVU180
 559 00c2 8CBF     		ite	hi
 560 00c4 3730     		addhi	r0, r0, #55
 383:USB_DEVICE/App/usbd_desc.c ****     }
 561              		.loc 1 383 37 view .LVU181
 562 00c6 3030     		addls	r0, r0, #48
 383:USB_DEVICE/App/usbd_desc.c ****     }
 563              		.loc 1 383 21 view .LVU182
 564 00c8 9073     		strb	r0, [r2, #14]
 390:USB_DEVICE/App/usbd_desc.c **** 
 565              		.loc 1 390 5 is_stmt 1 view .LVU183
 566              	.LVL34:
 567              		.loc 1 392 5 view .LVU184
 381:USB_DEVICE/App/usbd_desc.c ****     {
 568              		.loc 1 381 17 is_stmt 0 view .LVU185
 569 00ca 03F00F00 		and	r0, r3, #15
ARM GAS  /tmp/ccaxjtp5.s 			page 20


 383:USB_DEVICE/App/usbd_desc.c ****     }
 570              		.loc 1 383 37 view .LVU186
 571 00ce 0346     		mov	r3, r0
 572              	.LVL35:
 381:USB_DEVICE/App/usbd_desc.c ****     {
 573              		.loc 1 381 8 view .LVU187
 574 00d0 0928     		cmp	r0, #9
 383:USB_DEVICE/App/usbd_desc.c ****     }
 575              		.loc 1 383 37 view .LVU188
 576 00d2 94BF     		ite	ls
 577 00d4 3033     		addls	r3, r3, #48
 387:USB_DEVICE/App/usbd_desc.c ****     }
 578              		.loc 1 387 43 view .LVU189
 579 00d6 3733     		addhi	r3, r3, #55
 580              		.loc 1 392 23 view .LVU190
 581 00d8 0020     		movs	r0, #0
 582              	.LBE29:
 583              	.LBE28:
 584              	.LBB34:
 585              	.LBB35:
 381:USB_DEVICE/App/usbd_desc.c ****     {
 586              		.loc 1 381 8 view .LVU191
 587 00da B1F1204F 		cmp	r1, #-1610612736
 588              	.LBE35:
 589              	.LBE34:
 590              	.LBB41:
 591              	.LBB30:
 383:USB_DEVICE/App/usbd_desc.c ****     }
 592              		.loc 1 383 21 view .LVU192
 593 00de 1374     		strb	r3, [r2, #16]
 594              	.LBE30:
 595              	.LBE41:
 596              	.LBB42:
 597              	.LBB36:
 383:USB_DEVICE/App/usbd_desc.c ****     }
 598              		.loc 1 383 37 view .LVU193
 599 00e0 4FEA1173 		lsr	r3, r1, #28
 387:USB_DEVICE/App/usbd_desc.c ****     }
 600              		.loc 1 387 43 view .LVU194
 601 00e4 2CBF     		ite	cs
 602 00e6 3733     		addcs	r3, r3, #55
 383:USB_DEVICE/App/usbd_desc.c ****     }
 603              		.loc 1 383 37 view .LVU195
 604 00e8 3033     		addcc	r3, r3, #48
 605              	.LBE36:
 606              	.LBE42:
 607              	.LBB43:
 608              	.LBB31:
 609              		.loc 1 392 23 view .LVU196
 610 00ea 5074     		strb	r0, [r2, #17]
 611              	.LBE31:
 612              	.LBE43:
 613              	.LBB44:
 614              	.LBB37:
 381:USB_DEVICE/App/usbd_desc.c ****     {
 615              		.loc 1 381 17 view .LVU197
 616 00ec C1F30360 		ubfx	r0, r1, #24, #4
ARM GAS  /tmp/ccaxjtp5.s 			page 21


 381:USB_DEVICE/App/usbd_desc.c ****     {
 617              		.loc 1 381 8 view .LVU198
 618 00f0 0928     		cmp	r0, #9
 383:USB_DEVICE/App/usbd_desc.c ****     }
 619              		.loc 1 383 21 view .LVU199
 620 00f2 9374     		strb	r3, [r2, #18]
 383:USB_DEVICE/App/usbd_desc.c ****     }
 621              		.loc 1 383 37 view .LVU200
 622 00f4 0346     		mov	r3, r0
 387:USB_DEVICE/App/usbd_desc.c ****     }
 623              		.loc 1 387 43 view .LVU201
 624 00f6 8CBF     		ite	hi
 625 00f8 3733     		addhi	r3, r3, #55
 383:USB_DEVICE/App/usbd_desc.c ****     }
 626              		.loc 1 383 37 view .LVU202
 627 00fa 3033     		addls	r3, r3, #48
 381:USB_DEVICE/App/usbd_desc.c ****     {
 628              		.loc 1 381 17 view .LVU203
 629 00fc C1F30350 		ubfx	r0, r1, #20, #4
 381:USB_DEVICE/App/usbd_desc.c ****     {
 630              		.loc 1 381 8 view .LVU204
 631 0100 0928     		cmp	r0, #9
 632              	.LBE37:
 633              	.LBE44:
 634              	.LBB45:
 635              	.LBB32:
 636              		.loc 1 392 23 view .LVU205
 637 0102 4FF0000C 		mov	ip, #0
 638              	.LBE32:
 639              	.LBE45:
 640              	.LBB46:
 641              	.LBB38:
 383:USB_DEVICE/App/usbd_desc.c ****     }
 642              		.loc 1 383 21 view .LVU206
 643 0106 1375     		strb	r3, [r2, #20]
 383:USB_DEVICE/App/usbd_desc.c ****     }
 644              		.loc 1 383 37 view .LVU207
 645 0108 0346     		mov	r3, r0
 387:USB_DEVICE/App/usbd_desc.c ****     }
 646              		.loc 1 387 43 view .LVU208
 647 010a 8CBF     		ite	hi
 648 010c 3733     		addhi	r3, r3, #55
 383:USB_DEVICE/App/usbd_desc.c ****     }
 649              		.loc 1 383 37 view .LVU209
 650 010e 3033     		addls	r3, r3, #48
 381:USB_DEVICE/App/usbd_desc.c ****     {
 651              		.loc 1 381 17 view .LVU210
 652 0110 C1F30340 		ubfx	r0, r1, #16, #4
 653              	.LBE38:
 654              	.LBE46:
 655              	.LBB47:
 656              	.LBB33:
 657              		.loc 1 392 23 view .LVU211
 658 0114 82F80FC0 		strb	ip, [r2, #15]
 379:USB_DEVICE/App/usbd_desc.c ****   {
 659              		.loc 1 379 31 is_stmt 1 discriminator 2 view .LVU212
 660              	.LVL36:
ARM GAS  /tmp/ccaxjtp5.s 			page 22


 379:USB_DEVICE/App/usbd_desc.c ****   {
 661              		.loc 1 379 21 discriminator 1 view .LVU213
 381:USB_DEVICE/App/usbd_desc.c ****     {
 662              		.loc 1 381 5 view .LVU214
 383:USB_DEVICE/App/usbd_desc.c ****     }
 663              		.loc 1 383 7 view .LVU215
 387:USB_DEVICE/App/usbd_desc.c ****     }
 664              		.loc 1 387 7 view .LVU216
 390:USB_DEVICE/App/usbd_desc.c **** 
 665              		.loc 1 390 5 view .LVU217
 666              		.loc 1 392 5 view .LVU218
 379:USB_DEVICE/App/usbd_desc.c ****   {
 667              		.loc 1 379 31 discriminator 2 view .LVU219
 379:USB_DEVICE/App/usbd_desc.c ****   {
 668              		.loc 1 379 21 discriminator 1 view .LVU220
 379:USB_DEVICE/App/usbd_desc.c ****   {
 669              		.loc 1 379 21 is_stmt 0 discriminator 1 view .LVU221
 670              	.LBE33:
 671              	.LBE47:
 672              	.LBB48:
 673              	.LBB39:
 381:USB_DEVICE/App/usbd_desc.c ****     {
 674              		.loc 1 381 5 is_stmt 1 view .LVU222
 387:USB_DEVICE/App/usbd_desc.c ****     }
 675              		.loc 1 387 7 view .LVU223
 383:USB_DEVICE/App/usbd_desc.c ****     }
 676              		.loc 1 383 7 view .LVU224
 390:USB_DEVICE/App/usbd_desc.c **** 
 677              		.loc 1 390 5 view .LVU225
 678              		.loc 1 392 5 view .LVU226
 679              		.loc 1 392 23 is_stmt 0 view .LVU227
 680 0118 4FF0000C 		mov	ip, #0
 381:USB_DEVICE/App/usbd_desc.c ****     {
 681              		.loc 1 381 8 view .LVU228
 682 011c 0928     		cmp	r0, #9
 683              		.loc 1 392 23 view .LVU229
 684 011e 82F813C0 		strb	ip, [r2, #19]
 379:USB_DEVICE/App/usbd_desc.c ****   {
 685              		.loc 1 379 31 is_stmt 1 discriminator 2 view .LVU230
 686              	.LVL37:
 379:USB_DEVICE/App/usbd_desc.c ****   {
 687              		.loc 1 379 21 discriminator 1 view .LVU231
 381:USB_DEVICE/App/usbd_desc.c ****     {
 688              		.loc 1 381 5 view .LVU232
 387:USB_DEVICE/App/usbd_desc.c ****     }
 689              		.loc 1 387 7 view .LVU233
 383:USB_DEVICE/App/usbd_desc.c ****     }
 690              		.loc 1 383 7 view .LVU234
 390:USB_DEVICE/App/usbd_desc.c **** 
 691              		.loc 1 390 5 view .LVU235
 692              		.loc 1 392 5 view .LVU236
 383:USB_DEVICE/App/usbd_desc.c ****     }
 693              		.loc 1 383 21 is_stmt 0 view .LVU237
 694 0122 9375     		strb	r3, [r2, #22]
 695              		.loc 1 392 23 view .LVU238
 696 0124 4FF0000C 		mov	ip, #0
 383:USB_DEVICE/App/usbd_desc.c ****     }
ARM GAS  /tmp/ccaxjtp5.s 			page 23


 697              		.loc 1 383 37 view .LVU239
 698 0128 0346     		mov	r3, r0
 699              		.loc 1 392 23 view .LVU240
 700 012a 82F815C0 		strb	ip, [r2, #21]
 379:USB_DEVICE/App/usbd_desc.c ****   {
 701              		.loc 1 379 31 is_stmt 1 discriminator 2 view .LVU241
 702              	.LVL38:
 379:USB_DEVICE/App/usbd_desc.c ****   {
 703              		.loc 1 379 21 discriminator 1 view .LVU242
 381:USB_DEVICE/App/usbd_desc.c ****     {
 704              		.loc 1 381 5 view .LVU243
 387:USB_DEVICE/App/usbd_desc.c ****     }
 705              		.loc 1 387 7 view .LVU244
 383:USB_DEVICE/App/usbd_desc.c ****     }
 706              		.loc 1 383 7 view .LVU245
 383:USB_DEVICE/App/usbd_desc.c ****     }
 707              		.loc 1 383 37 is_stmt 0 view .LVU246
 708 012e 98BF     		it	ls
 709 0130 3033     		addls	r3, r3, #48
 710              		.loc 1 392 23 view .LVU247
 711 0132 4FF0000C 		mov	ip, #0
 390:USB_DEVICE/App/usbd_desc.c **** 
 712              		.loc 1 390 5 is_stmt 1 view .LVU248
 713              	.LVL39:
 714              		.loc 1 392 5 view .LVU249
 387:USB_DEVICE/App/usbd_desc.c ****     }
 715              		.loc 1 387 43 is_stmt 0 view .LVU250
 716 0136 88BF     		it	hi
 717 0138 3733     		addhi	r3, r3, #55
 718              		.loc 1 392 23 view .LVU251
 719 013a 0021     		movs	r1, #0
 720              	.LVL40:
 721              		.loc 1 392 23 view .LVU252
 722              	.LBE39:
 723              	.LBE48:
 724              	.LBE52:
 725              	.LBE56:
 289:USB_DEVICE/App/usbd_desc.c **** 
 726              		.loc 1 289 1 view .LVU253
 727 013c 0348     		ldr	r0, .L53+4
 728              	.LBB57:
 729              	.LBB53:
 730              	.LBB49:
 731              	.LBB40:
 732              		.loc 1 392 23 view .LVU254
 733 013e 82F817C0 		strb	ip, [r2, #23]
 379:USB_DEVICE/App/usbd_desc.c ****   {
 734              		.loc 1 379 31 is_stmt 1 discriminator 2 view .LVU255
 735              	.LVL41:
 379:USB_DEVICE/App/usbd_desc.c ****   {
 736              		.loc 1 379 21 discriminator 1 view .LVU256
 381:USB_DEVICE/App/usbd_desc.c ****     {
 737              		.loc 1 381 5 view .LVU257
 383:USB_DEVICE/App/usbd_desc.c ****     }
 738              		.loc 1 383 7 view .LVU258
 387:USB_DEVICE/App/usbd_desc.c ****     }
 739              		.loc 1 387 7 view .LVU259
ARM GAS  /tmp/ccaxjtp5.s 			page 24


 383:USB_DEVICE/App/usbd_desc.c ****     }
 740              		.loc 1 383 21 is_stmt 0 view .LVU260
 741 0142 1376     		strb	r3, [r2, #24]
 390:USB_DEVICE/App/usbd_desc.c **** 
 742              		.loc 1 390 5 is_stmt 1 view .LVU261
 743              		.loc 1 392 5 view .LVU262
 744              		.loc 1 392 23 is_stmt 0 view .LVU263
 745 0144 5176     		strb	r1, [r2, #25]
 379:USB_DEVICE/App/usbd_desc.c ****   {
 746              		.loc 1 379 31 is_stmt 1 discriminator 2 view .LVU264
 747              	.LVL42:
 379:USB_DEVICE/App/usbd_desc.c ****   {
 748              		.loc 1 379 21 discriminator 1 view .LVU265
 379:USB_DEVICE/App/usbd_desc.c ****   {
 749              		.loc 1 379 21 is_stmt 0 discriminator 1 view .LVU266
 750              	.LBE40:
 751              	.LBE49:
 752              	.LBE53:
 753              	.LBE57:
 288:USB_DEVICE/App/usbd_desc.c **** }
 754              		.loc 1 288 3 is_stmt 1 view .LVU267
 289:USB_DEVICE/App/usbd_desc.c **** 
 755              		.loc 1 289 1 is_stmt 0 view .LVU268
 756 0146 7047     		bx	lr
 757              	.L54:
 758              		.align	2
 759              	.L53:
 760 0148 0070FF1F 		.word	536834048
 761 014c 00000000 		.word	USBD_StringSerial
 762              		.cfi_endproc
 763              	.LFE142:
 765              		.global	USBD_StringSerial
 766              		.section	.data.USBD_StringSerial,"aw"
 767              		.align	2
 770              	USBD_StringSerial:
 771 0000 1A0300   		.ascii	"\032\003\000"
 772 0003 00000000 		.space	23
 772      00000000 
 772      00000000 
 772      00000000 
 772      00000000 
 773              		.global	USBD_StrDesc
 774              		.section	.bss.USBD_StrDesc,"aw",%nobits
 775              		.align	2
 778              	USBD_StrDesc:
 779 0000 00000000 		.space	512
 779      00000000 
 779      00000000 
 779      00000000 
 779      00000000 
 780              		.global	USBD_LangIDDesc
 781              		.section	.data.USBD_LangIDDesc,"aw"
 782              		.align	2
 785              	USBD_LangIDDesc:
 786 0000 04030904 		.ascii	"\004\003\011\004"
 787              		.global	USBD_FS_DeviceDesc
 788              		.section	.data.USBD_FS_DeviceDesc,"aw"
ARM GAS  /tmp/ccaxjtp5.s 			page 25


 789              		.align	2
 792              	USBD_FS_DeviceDesc:
 793 0000 12010002 		.ascii	"\022\001\000\002\000\000\000@oToh\000\002\001\002\003"
 793      00000040 
 793      6F546F68 
 793      00020102 
 793      03
 794 0011 01       		.ascii	"\001"
 795              		.global	FS_Desc
 796              		.section	.data.FS_Desc,"aw"
 797              		.align	2
 800              	FS_Desc:
 801 0000 00000000 		.word	USBD_FS_DeviceDescriptor
 802 0004 00000000 		.word	USBD_FS_LangIDStrDescriptor
 803 0008 00000000 		.word	USBD_FS_ManufacturerStrDescriptor
 804 000c 00000000 		.word	USBD_FS_ProductStrDescriptor
 805 0010 00000000 		.word	USBD_FS_SerialStrDescriptor
 806 0014 00000000 		.word	USBD_FS_ConfigStrDescriptor
 807 0018 00000000 		.word	USBD_FS_InterfaceStrDescriptor
 808              		.text
 809              	.Letext0:
 810              		.file 2 "/usr/arm-none-eabi/include/machine/_default_types.h"
 811              		.file 3 "/usr/arm-none-eabi/include/sys/_stdint.h"
 812              		.file 4 "Middlewares/ST/STM32_USB_Device_Library/Core/Inc/usbd_def.h"
 813              		.file 5 "USB_DEVICE/App/usbd_desc.h"
 814              		.file 6 "Middlewares/ST/STM32_USB_Device_Library/Core/Inc/usbd_ctlreq.h"
ARM GAS  /tmp/ccaxjtp5.s 			page 26


DEFINED SYMBOLS
                            *ABS*:00000000 usbd_desc.c
     /tmp/ccaxjtp5.s:21     .text.USBD_FS_DeviceDescriptor:00000000 $t
     /tmp/ccaxjtp5.s:28     .text.USBD_FS_DeviceDescriptor:00000000 USBD_FS_DeviceDescriptor
     /tmp/ccaxjtp5.s:51     .text.USBD_FS_DeviceDescriptor:00000008 $d
     /tmp/ccaxjtp5.s:792    .data.USBD_FS_DeviceDesc:00000000 USBD_FS_DeviceDesc
     /tmp/ccaxjtp5.s:56     .text.USBD_FS_LangIDStrDescriptor:00000000 $t
     /tmp/ccaxjtp5.s:63     .text.USBD_FS_LangIDStrDescriptor:00000000 USBD_FS_LangIDStrDescriptor
     /tmp/ccaxjtp5.s:86     .text.USBD_FS_LangIDStrDescriptor:00000008 $d
     /tmp/ccaxjtp5.s:785    .data.USBD_LangIDDesc:00000000 USBD_LangIDDesc
     /tmp/ccaxjtp5.s:91     .rodata.USBD_FS_ManufacturerStrDescriptor.str1.4:00000000 $d
     /tmp/ccaxjtp5.s:95     .text.USBD_FS_ManufacturerStrDescriptor:00000000 $t
     /tmp/ccaxjtp5.s:102    .text.USBD_FS_ManufacturerStrDescriptor:00000000 USBD_FS_ManufacturerStrDescriptor
     /tmp/ccaxjtp5.s:136    .text.USBD_FS_ManufacturerStrDescriptor:00000014 $d
     /tmp/ccaxjtp5.s:778    .bss.USBD_StrDesc:00000000 USBD_StrDesc
     /tmp/ccaxjtp5.s:142    .rodata.USBD_FS_ProductStrDescriptor.str1.4:00000000 $d
     /tmp/ccaxjtp5.s:146    .text.USBD_FS_ProductStrDescriptor:00000000 $t
     /tmp/ccaxjtp5.s:153    .text.USBD_FS_ProductStrDescriptor:00000000 USBD_FS_ProductStrDescriptor
     /tmp/ccaxjtp5.s:199    .text.USBD_FS_ProductStrDescriptor:00000014 $d
     /tmp/ccaxjtp5.s:205    .rodata.USBD_FS_ConfigStrDescriptor.str1.4:00000000 $d
     /tmp/ccaxjtp5.s:209    .text.USBD_FS_ConfigStrDescriptor:00000000 $t
     /tmp/ccaxjtp5.s:216    .text.USBD_FS_ConfigStrDescriptor:00000000 USBD_FS_ConfigStrDescriptor
     /tmp/ccaxjtp5.s:262    .text.USBD_FS_ConfigStrDescriptor:00000014 $d
     /tmp/ccaxjtp5.s:268    .rodata.USBD_FS_InterfaceStrDescriptor.str1.4:00000000 $d
     /tmp/ccaxjtp5.s:272    .text.USBD_FS_InterfaceStrDescriptor:00000000 $t
     /tmp/ccaxjtp5.s:279    .text.USBD_FS_InterfaceStrDescriptor:00000000 USBD_FS_InterfaceStrDescriptor
     /tmp/ccaxjtp5.s:325    .text.USBD_FS_InterfaceStrDescriptor:00000014 $d
     /tmp/ccaxjtp5.s:331    .text.USBD_FS_SerialStrDescriptor:00000000 $t
     /tmp/ccaxjtp5.s:338    .text.USBD_FS_SerialStrDescriptor:00000000 USBD_FS_SerialStrDescriptor
     /tmp/ccaxjtp5.s:760    .text.USBD_FS_SerialStrDescriptor:00000148 $d
     /tmp/ccaxjtp5.s:770    .data.USBD_StringSerial:00000000 USBD_StringSerial
     /tmp/ccaxjtp5.s:767    .data.USBD_StringSerial:00000000 $d
     /tmp/ccaxjtp5.s:775    .bss.USBD_StrDesc:00000000 $d
     /tmp/ccaxjtp5.s:782    .data.USBD_LangIDDesc:00000000 $d
     /tmp/ccaxjtp5.s:789    .data.USBD_FS_DeviceDesc:00000000 $d
     /tmp/ccaxjtp5.s:800    .data.FS_Desc:00000000 FS_Desc
     /tmp/ccaxjtp5.s:797    .data.FS_Desc:00000000 $d

UNDEFINED SYMBOLS
USBD_GetString
